0 info it worked if it ends with ok
1 verbose cli [ 'node', '/usr/local/bin/npm', 'install' ]
2 info using npm@2.11.3
3 info using node@v0.10.35
4 verbose readDependencies loading dependencies from /Users/dtaieb/watsondev/workspaces/cds_workspace/pipes/package.json
5 warn package.json data-moving-tool@0.1.0 No repository field.
6 warn package.json data-moving-tool@0.1.0 license should be a valid SPDX license expression
7 verbose install where, deps [ '/Users/dtaieb/watsondev/workspaces/cds_workspace/pipes',
7 verbose install   [ 'express',
7 verbose install     'cloudant',
7 verbose install     'body-parser',
7 verbose install     'errorhandler',
7 verbose install     'lodash',
7 verbose install     'async',
7 verbose install     'cfenv',
7 verbose install     'jsforce',
7 verbose install     'morgan',
7 verbose install     'when',
7 verbose install     'mocha' ] ]
8 verbose install where, peers [ '/Users/dtaieb/watsondev/workspaces/cds_workspace/pipes', [] ]
9 verbose installManyTop reading for lifecycle /Users/dtaieb/watsondev/workspaces/cds_workspace/pipes/package.json
10 info preinstall data-moving-tool@0.1.0
11 verbose installManyTop reading scoped package data from /Users/dtaieb/watsondev/workspaces/cds_workspace/pipes/node_modules/async/package.json
12 verbose installManyTop reading scoped package data from /Users/dtaieb/watsondev/workspaces/cds_workspace/pipes/node_modules/body-parser/package.json
13 verbose installManyTop reading scoped package data from /Users/dtaieb/watsondev/workspaces/cds_workspace/pipes/node_modules/cfenv/package.json
14 verbose installManyTop reading scoped package data from /Users/dtaieb/watsondev/workspaces/cds_workspace/pipes/node_modules/cloudant/package.json
15 verbose installManyTop reading scoped package data from /Users/dtaieb/watsondev/workspaces/cds_workspace/pipes/node_modules/errorhandler/package.json
16 verbose installManyTop reading scoped package data from /Users/dtaieb/watsondev/workspaces/cds_workspace/pipes/node_modules/express/package.json
17 verbose installManyTop reading scoped package data from /Users/dtaieb/watsondev/workspaces/cds_workspace/pipes/node_modules/jsforce/package.json
18 verbose installManyTop reading scoped package data from /Users/dtaieb/watsondev/workspaces/cds_workspace/pipes/node_modules/lodash/package.json
19 verbose installManyTop reading scoped package data from /Users/dtaieb/watsondev/workspaces/cds_workspace/pipes/node_modules/mocha/package.json
20 verbose installManyTop reading scoped package data from /Users/dtaieb/watsondev/workspaces/cds_workspace/pipes/node_modules/morgan/package.json
21 verbose installManyTop reading scoped package data from /Users/dtaieb/watsondev/workspaces/cds_workspace/pipes/node_modules/node-salesforce/package.json
22 verbose installManyTop reading scoped package data from /Users/dtaieb/watsondev/workspaces/cds_workspace/pipes/node_modules/when/package.json
23 info package.json cloudant@1.0.0 license should be a valid SPDX license expression
24 info package.json jsforce@1.4.1 No license field.
25 info package.json when@3.7.3 No license field.
26 info package.json node-salesforce@0.8.0 No license field.
27 verbose readDependencies loading dependencies from /Users/dtaieb/watsondev/workspaces/cds_workspace/pipes/package.json
28 verbose targetResolver reading package data from /Users/dtaieb/watsondev/workspaces/cds_workspace/pipes/node_modules/async/package.json
29 verbose targetResolver reading package data from /Users/dtaieb/watsondev/workspaces/cds_workspace/pipes/node_modules/body-parser/package.json
30 verbose targetResolver reading package data from /Users/dtaieb/watsondev/workspaces/cds_workspace/pipes/node_modules/cfenv/package.json
31 verbose targetResolver reading package data from /Users/dtaieb/watsondev/workspaces/cds_workspace/pipes/node_modules/cloudant/package.json
32 verbose targetResolver reading package data from /Users/dtaieb/watsondev/workspaces/cds_workspace/pipes/node_modules/errorhandler/package.json
33 verbose targetResolver reading package data from /Users/dtaieb/watsondev/workspaces/cds_workspace/pipes/node_modules/express/package.json
34 verbose targetResolver reading package data from /Users/dtaieb/watsondev/workspaces/cds_workspace/pipes/node_modules/jsforce/package.json
35 verbose targetResolver reading package data from /Users/dtaieb/watsondev/workspaces/cds_workspace/pipes/node_modules/lodash/package.json
36 verbose targetResolver reading package data from /Users/dtaieb/watsondev/workspaces/cds_workspace/pipes/node_modules/mocha/package.json
37 verbose targetResolver reading package data from /Users/dtaieb/watsondev/workspaces/cds_workspace/pipes/node_modules/morgan/package.json
38 verbose targetResolver reading package data from /Users/dtaieb/watsondev/workspaces/cds_workspace/pipes/node_modules/node-salesforce/package.json
39 verbose targetResolver reading package data from /Users/dtaieb/watsondev/workspaces/cds_workspace/pipes/node_modules/when/package.json
40 verbose targetResolver reading package data from /Users/dtaieb/watsondev/workspaces/cds_workspace/pipes/node_modules/.bin/jsforce/package.json
41 verbose targetResolver reading package data from /Users/dtaieb/watsondev/workspaces/cds_workspace/pipes/node_modules/.bin/mocha/package.json
42 verbose targetResolver reading package data from /Users/dtaieb/watsondev/workspaces/cds_workspace/pipes/node_modules/.bin/sfcoffee/package.json
43 verbose targetResolver reading package data from /Users/dtaieb/watsondev/workspaces/cds_workspace/pipes/node_modules/.bin/sfjs/package.json
44 verbose already installed skipping body-parser@^1.11.0 /Users/dtaieb/watsondev/workspaces/cds_workspace/pipes
45 verbose already installed skipping errorhandler@~1.3.6 /Users/dtaieb/watsondev/workspaces/cds_workspace/pipes
46 verbose already installed skipping lodash@~3.9.3 /Users/dtaieb/watsondev/workspaces/cds_workspace/pipes
47 verbose already installed skipping async@^1.2.1 /Users/dtaieb/watsondev/workspaces/cds_workspace/pipes
48 verbose already installed skipping cfenv@* /Users/dtaieb/watsondev/workspaces/cds_workspace/pipes
49 verbose already installed skipping jsforce@^1.4.1 /Users/dtaieb/watsondev/workspaces/cds_workspace/pipes
50 verbose already installed skipping morgan@^1.6.0 /Users/dtaieb/watsondev/workspaces/cds_workspace/pipes
51 verbose already installed skipping when@~3.7.3 /Users/dtaieb/watsondev/workspaces/cds_workspace/pipes
52 verbose already installed skipping mocha@* /Users/dtaieb/watsondev/workspaces/cds_workspace/pipes
53 verbose already installed skipping express@^4.10.6 /Users/dtaieb/watsondev/workspaces/cds_workspace/pipes
54 verbose already installed skipping cloudant@^1.0.0 /Users/dtaieb/watsondev/workspaces/cds_workspace/pipes
55 silly install resolved []
56 info build /Users/dtaieb/watsondev/workspaces/cds_workspace/pipes
57 info linkStuff data-moving-tool@0.1.0
58 silly linkStuff data-moving-tool@0.1.0 has /Users/dtaieb/watsondev/workspaces/cds_workspace as its parent node_modules
59 verbose linkBins data-moving-tool@0.1.0
60 verbose linkMans data-moving-tool@0.1.0
61 verbose rebuildBundles data-moving-tool@0.1.0
62 verbose rebuildBundles [ '.bin',
62 verbose rebuildBundles   'async',
62 verbose rebuildBundles   'body-parser',
62 verbose rebuildBundles   'cfenv',
62 verbose rebuildBundles   'cloudant',
62 verbose rebuildBundles   'errorhandler',
62 verbose rebuildBundles   'express',
62 verbose rebuildBundles   'jsforce',
62 verbose rebuildBundles   'lodash',
62 verbose rebuildBundles   'mocha',
62 verbose rebuildBundles   'morgan',
62 verbose rebuildBundles   'node-salesforce',
62 verbose rebuildBundles   'when' ]
63 verbose rebuild bundle /Users/dtaieb/watsondev/workspaces/cds_workspace/pipes/node_modules/node-salesforce
64 info build /Users/dtaieb/watsondev/workspaces/cds_workspace/pipes/node_modules/node-salesforce
65 info preinstall node-salesforce@0.8.0
66 info linkStuff node-salesforce@0.8.0
67 silly linkStuff node-salesforce@0.8.0 has /Users/dtaieb/watsondev/workspaces/cds_workspace/pipes/node_modules as its parent node_modules
68 verbose linkBins node-salesforce@0.8.0
69 verbose link bins [ { sfjs: './bin/sfjs', sfcoffee: './bin/sfcoffee' },
69 verbose link bins   '/Users/dtaieb/watsondev/workspaces/cds_workspace/pipes/node_modules/.bin',
69 verbose link bins   false ]
70 verbose linkMans node-salesforce@0.8.0
71 verbose rebuildBundles node-salesforce@0.8.0
72 verbose rebuildBundles [ '.bin',
72 verbose rebuildBundles   'async',
72 verbose rebuildBundles   'coffee-script',
72 verbose rebuildBundles   'faye',
72 verbose rebuildBundles   'q',
72 verbose rebuildBundles   'request',
72 verbose rebuildBundles   'underscore',
72 verbose rebuildBundles   'xml2js' ]
73 silly gentlyRm /Users/dtaieb/watsondev/workspaces/cds_workspace/pipes/node_modules/.bin/sfjs is being purged
74 verbose gentlyRm don't care about contents; nuking /Users/dtaieb/watsondev/workspaces/cds_workspace/pipes/node_modules/.bin/sfjs
75 silly gentlyRm /Users/dtaieb/watsondev/workspaces/cds_workspace/pipes/node_modules/.bin/sfcoffee is being purged
76 verbose gentlyRm don't care about contents; nuking /Users/dtaieb/watsondev/workspaces/cds_workspace/pipes/node_modules/.bin/sfcoffee
77 silly vacuum-fs purging /Users/dtaieb/watsondev/workspaces/cds_workspace/pipes/node_modules/.bin/sfjs
78 silly vacuum-fs purging /Users/dtaieb/watsondev/workspaces/cds_workspace/pipes/node_modules/.bin/sfcoffee
79 silly vacuum-fs quitting because other entries in /Users/dtaieb/watsondev/workspaces/cds_workspace/pipes/node_modules/.bin
80 silly vacuum-fs quitting because other entries in /Users/dtaieb/watsondev/workspaces/cds_workspace/pipes/node_modules/.bin
81 info install node-salesforce@0.8.0
82 info postinstall node-salesforce@0.8.0
83 info install data-moving-tool@0.1.0
84 info postinstall data-moving-tool@0.1.0
85 verbose unsafe-perm in lifecycle true
86 info data-moving-tool@0.1.0 Failed to exec postinstall script
87 verbose stack Error: data-moving-tool@0.1.0 postinstall: `bower cache clean && bower install`
87 verbose stack Exit status 1
87 verbose stack     at EventEmitter.<anonymous> (/usr/local/lib/node_modules/npm/lib/utils/lifecycle.js:213:16)
87 verbose stack     at EventEmitter.emit (events.js:98:17)
87 verbose stack     at ChildProcess.<anonymous> (/usr/local/lib/node_modules/npm/lib/utils/spawn.js:24:14)
87 verbose stack     at ChildProcess.emit (events.js:98:17)
87 verbose stack     at maybeClose (child_process.js:766:16)
87 verbose stack     at Process.ChildProcess._handle.onexit (child_process.js:833:5)
88 verbose pkgid data-moving-tool@0.1.0
89 verbose cwd /Users/dtaieb/watsondev/workspaces/cds_workspace/pipes
90 error Darwin 13.3.0
91 error argv "node" "/usr/local/bin/npm" "install"
92 error node v0.10.35
93 error npm  v2.11.3
94 error code ELIFECYCLE
95 error data-moving-tool@0.1.0 postinstall: `bower cache clean && bower install`
95 error Exit status 1
96 error Failed at the data-moving-tool@0.1.0 postinstall script 'bower cache clean && bower install'.
96 error This is most likely a problem with the data-moving-tool package,
96 error not with npm itself.
96 error Tell the author that this fails on your system:
96 error     bower cache clean && bower install
96 error You can get their info via:
96 error     npm owner ls data-moving-tool
96 error There is likely additional logging output above.
97 verbose exit [ 1, true ]
